<?xml version="1.0" encoding="UTF-8"?>
<testsuite name="Cucumber" time="11.682" tests="1" skipped="0" failures="0" errors="0">
<testcase classname="OrangeHRM User Login" name="Verify login page is displayed" time="11.485">
<system-out><![CDATA[
Given user navigates to OrangeHRM login page................................passed
Then login page should be displayed.........................................passed
When user enters username "Admin"...........................................passed
And user enters password "admin1234"........................................passed
And user clicks login button................................................passed
Then user should not be redirected to dashboard URL.........................passed
]]></system-out>
</testcase>
</testsuite>
